<?xml version="1.0" encoding="UTF-8"?>
<testsuite xmlns:xsi="http://www.w3.org/2001/XMLSchema-instance" xsi:noNamespaceSchemaLocation="https://maven.apache.org/surefire/maven-surefire-plugin/xsd/surefire-test-report.xsd" version="3.0.2" name="com.bankcli.service.AccountServiceImplTest" time="0.9" tests="8" errors="0" skipped="0" failures="0">
  <properties>
[...]
</properties>
  <testcase name="makeTransfer_rejectsMoreThanTwoDecimalPlaces" classname="com.bankcli.service.AccountServiceImplTest" time="0.864">
    <system-err><![CDATA[Mockito is currently self-attaching to enable the inline-mock-maker. This will no longer work in future releases of the JDK. Please add Mockito as an agent to your build what is described in Mockito's documentation: https://javadoc.io/doc/org.mockito/mockito-core/latest/org/mockito/Mockito.html#0.3
WARNING: A Java agent has been loaded dynamically (C:\Users\aster\.m2\repository\net\bytebuddy\byte-buddy-agent\1.15.4\byte-buddy-agent-1.15.4.jar)
WARNING: If a serviceability tool is in use, please run with -XX:+EnableDynamicAgentLoading to hide this warning
WARNING: If a serviceability tool is not in use, please run with -Djdk.instrument.traceUsage for more information
WARNING: Dynamic loading of agents will be disallowed by default in a future release
]]></system-err>
  </testcase>
  <testcase name="makeTransfer_movesMoneyWhenAmountHasTwoDecimalPlaces" classname="com.bankcli.service.AccountServiceImplTest" time="0.003"/>
  <testcase name="makeDeposit_addsAmountToBalanceAndRecordsTransaction" classname="com.bankcli.service.AccountServiceImplTest" time="0.001"/>
  <testcase name="makeDeposit_rejectsMoreThanTwoDecimalPlaces" classname="com.bankcli.service.AccountServiceImplTest" time="0.003"/>
  <testcase name="makeWithdrawal_rejectsMoreThanTwoDecimalPlaces" classname="com.bankcli.service.AccountServiceImplTest" time="0.001"/>
  <testcase name="makeWithdrawal_subtractsAmountFromBalanceAndRecordsTransaction" classname="com.bankcli.service.AccountServiceImplTest" time="0.002"/>
  <testcase name="makeDeposit_acceptsTwoDecimalPlaces" classname="com.bankcli.service.AccountServiceImplTest" time="0.001"/>
  <testcase name="makeDeposit_ignoresTrailingZerosBeyondTwoDecimalPlaces" classname="com.bankcli.service.AccountServiceImplTest" time="0.003"/>
</testsuite>